Running in Lattice mode


Starting:    /home/elicahill/lscc/iCEcube2.2017.08/synpbase/linux_a_64/mbin/synbatch
Install:     /home/elicahill/lscc/iCEcube2.2017.08/synpbase
Hostname:    goeders-ssh2
Date:        Fri Jan 25 10:37:16 2019
Version:     L-2016.09L+ice40

Arguments:   -product synplify_pro -batch apbctrl_base.srcs.prj
ProductType: synplify_pro






================================Application terminated by Ctrl-C

Copied /home/elicahill/icemachine/examples/ipassurance_designs/apbctrl_base.srcs/build/test_Implmnt/test.srr to /home/elicahill/icemachine/examples/ipassurance_designs/apbctrl_base.srcs/build/test_Implmnt/backup/test.srr
log file: "/home/elicahill/icemachine/examples/ipassurance_designs/apbctrl_base.srcs/build/test_Implmnt/test.srr"
Running: test_Implmnt in foreground

Running apbctrl_base.srcs|test_Implmnt

Running: compile (Compile) on apbctrl_base.srcs|test_Implmnt
# Fri Jan 25 10:37:16 2019

Running: compile_flow (Compile Process) on apbctrl_base.srcs|test_Implmnt
# Fri Jan 25 10:37:16 2019

Running: compiler (Compile Input) on apbctrl_base.srcs|test_Implmnt
# Fri Jan 25 10:37:16 2019

compiler completed
# Fri Jan 25 10:37:17 2019

Return Code: 0
Run Time:00h:00m:01s
Job Canceled: "compiler"

