Running in Lattice mode


Starting:    /home/elicahill/lscc/iCEcube2.2017.08/synpbase/linux_a_64/mbin/synbatch
Install:     /home/elicahill/lscc/iCEcube2.2017.08/synpbase
Hostname:    goeders-ssh2
Date:        Fri Jan 25 13:59:57 2019
Version:     L-2016.09L+ice40

Arguments:   -product synplify_pro -batch basicrsa_base.prj
ProductType: synplify_pro





Copied /home/elicahill/icemachine/examples/ipassurance_designs/basicrsa_base.srcs/build/basicrsa_base_Implmnt/basicrsa_base.srr to /home/elicahill/icemachine/examples/ipassurance_designs/basicrsa_base.srcs/build/basicrsa_base_Implmnt/backup/basicrsa_base.srr
log file: "/home/elicahill/icemachine/examples/ipassurance_designs/basicrsa_base.srcs/build/basicrsa_base_Implmnt/basicrsa_base.srr"
Running: basicrsa_base_Implmnt in foreground

Running basicrsa_base|basicrsa_base_Implmnt

Running: compile (Compile) on basicrsa_base|basicrsa_base_Implmnt
# Fri Jan 25 13:59:57 2019

Running: compile_flow (Compile Process) on basicrsa_base|basicrsa_base_Implmnt
# Fri Jan 25 13:59:57 2019

Running: compiler (Compile Input) on basicrsa_base|basicrsa_base_Implmnt
# Fri Jan 25 13:59:57 2019
Copied /home/elicahill/icemachine/examples/ipassurance_designs/basicrsa_base.srcs/build/basicrsa_base_Implmnt/synwork/basicrsa_base_comp.srs to /home/elicahill/icemachine/examples/ipassurance_designs/basicrsa_base.srcs/build/basicrsa_base_Implmnt/basicrsa_base.srs

compiler completed
# Fri Jan 25 14:00:21 2019

Return Code: 0
Run Time:00h:00m:24s

Running: multi_srs_gen (Multi-srs Generator) on basicrsa_base|basicrsa_base_Implmnt
# Fri Jan 25 14:00:21 2019

multi_srs_gen completed
# Fri Jan 25 14:00:21 2019

Return Code: 0
Run Time:00h:00m:00s
Copied /home/elicahill/icemachine/examples/ipassurance_designs/basicrsa_base.srcs/build/basicrsa_base_Implmnt/synwork/basicrsa_base_mult.srs to /home/elicahill/icemachine/examples/ipassurance_designs/basicrsa_base.srcs/build/basicrsa_base_Implmnt/basicrsa_base.srs
Complete: Compile Process on basicrsa_base|basicrsa_base_Implmnt

Running: premap (Pre-mapping) on basicrsa_base|basicrsa_base_Implmnt
# Fri Jan 25 14:00:21 2019

premap completed with warnings
# Fri Jan 25 14:00:22 2019

Return Code: 1
Run Time:00h:00m:01s
Complete: Compile on basicrsa_base|basicrsa_base_Implmnt

Running: map (Map) on basicrsa_base|basicrsa_base_Implmnt
# Fri Jan 25 14:00:22 2019
License granted for 4 parallel jobs

Running: fpga_mapper (Map & Optimize) on basicrsa_base|basicrsa_base_Implmnt
# Fri Jan 25 14:00:22 2019
fpga_mapper exited with errors
Job failed on: basicrsa_base|basicrsa_base_Implmnt

Job: "fpga_mapper" terminated with error status: 2
See log file: "/home/elicahill/icemachine/examples/ipassurance_designs/basicrsa_base.srcs/build/basicrsa_base_Implmnt/synlog/basicrsa_base_fpga_mapper.srr"
# Fri Jan 25 14:00:37 2019

Return Code: 2
Run Time:00h:00m:15s
Complete: Map on basicrsa_base|basicrsa_base_Implmnt
Complete: Logic Synthesis on basicrsa_base|basicrsa_base_Implmnt

exit status=2

exit status=2

