Running in Lattice mode


Starting:    /home/elicahill/lscc/iCEcube2.2017.08/synpbase/linux_a_64/mbin/synbatch
Install:     /home/elicahill/lscc/iCEcube2.2017.08/synpbase
Hostname:    goeders-ssh2
Date:        Thu Jan 24 16:39:57 2019
Version:     L-2016.09L+ice40

Arguments:   -product synplify_pro -batch counter_base.srcs.prj
ProductType: synplify_pro





log file: "/home/elicahill/icemachine/examples/ipassurance_designs/counter_base.srcs/build/test_Implmnt/test.srr"
Running: test_Implmnt in foreground

Running counter_base.srcs|test_Implmnt

Running: compile (Compile) on counter_base.srcs|test_Implmnt
# Thu Jan 24 16:39:57 2019

Running: compile_flow (Compile Process) on counter_base.srcs|test_Implmnt
# Thu Jan 24 16:39:57 2019

Running: compiler (Compile Input) on counter_base.srcs|test_Implmnt
# Thu Jan 24 16:39:57 2019
Copied /home/elicahill/icemachine/examples/ipassurance_designs/counter_base.srcs/build/test_Implmnt/synwork/test_comp.srs to /home/elicahill/icemachine/examples/ipassurance_designs/counter_base.srcs/build/test_Implmnt/test.srs

compiler completed
# Thu Jan 24 16:39:58 2019

Return Code: 0
Run Time:00h:00m:01s

Running: multi_srs_gen (Multi-srs Generator) on counter_base.srcs|test_Implmnt
# Thu Jan 24 16:39:58 2019

multi_srs_gen completed
# Thu Jan 24 16:39:58 2019

Return Code: 0
Run Time:00h:00m:00s
Copied /home/elicahill/icemachine/examples/ipassurance_designs/counter_base.srcs/build/test_Implmnt/synwork/test_mult.srs to /home/elicahill/icemachine/examples/ipassurance_designs/counter_base.srcs/build/test_Implmnt/test.srs
Complete: Compile Process on counter_base.srcs|test_Implmnt

Running: premap (Pre-mapping) on counter_base.srcs|test_Implmnt
# Thu Jan 24 16:39:58 2019

premap completed with warnings
# Thu Jan 24 16:39:58 2019

Return Code: 1
Run Time:00h:00m:00s
Complete: Compile on counter_base.srcs|test_Implmnt

Running: map (Map) on counter_base.srcs|test_Implmnt
# Thu Jan 24 16:39:58 2019
License granted for 4 parallel jobs

Running: fpga_mapper (Map & Optimize) on counter_base.srcs|test_Implmnt
# Thu Jan 24 16:39:58 2019
Copied /home/elicahill/icemachine/examples/ipassurance_designs/counter_base.srcs/build/test_Implmnt/synwork/test_m.srm to /home/elicahill/icemachine/examples/ipassurance_designs/counter_base.srcs/build/test_Implmnt/test.srm

fpga_mapper completed with warnings
# Thu Jan 24 16:39:59 2019

Return Code: 1
Run Time:00h:00m:01s
Complete: Map on counter_base.srcs|test_Implmnt
Complete: Logic Synthesis on counter_base.srcs|test_Implmnt

exit status=0

exit status=0

