Running in Lattice mode


Starting:    /home/elicahill/lscc/iCEcube2.2017.08/synpbase/linux_a_64/mbin/synbatch
Install:     /home/elicahill/lscc/iCEcube2.2017.08/synpbase
Hostname:    goeders-ssh2
Date:        Thu Jan 24 16:40:00 2019
Version:     L-2016.09L+ice40

Arguments:   -product synplify_pro -batch des3_area_base.srcs.prj
ProductType: synplify_pro






================================Application terminated by Ctrl-C

log file: "/home/elicahill/icemachine/examples/ipassurance_designs/des3_area_base.srcs/build/test_Implmnt/test.srr"
Running: test_Implmnt in foreground

Running des3_area_base.srcs|test_Implmnt

Running: compile (Compile) on des3_area_base.srcs|test_Implmnt
# Thu Jan 24 16:40:00 2019

Running: compile_flow (Compile Process) on des3_area_base.srcs|test_Implmnt
# Thu Jan 24 16:40:00 2019

Running: compiler (Compile Input) on des3_area_base.srcs|test_Implmnt
# Thu Jan 24 16:40:00 2019

compiler completed
# Thu Jan 24 16:40:09 2019

Return Code: 0
Run Time:00h:00m:09s
Job Canceled: "compiler"

