Running in Lattice mode


Starting:    /home/elicahill/lscc/iCEcube2.2017.08/synpbase/linux_a_64/mbin/synbatch
Install:     /home/elicahill/lscc/iCEcube2.2017.08/synpbase
Hostname:    goeders-ssh2
Date:        Fri Jan 25 10:36:13 2019
Version:     L-2016.09L+ice40

Arguments:   -product synplify_pro -batch aes128_base.srcs.prj
ProductType: synplify_pro





Copied /home/elicahill/icemachine/examples/ipassurance_designs/aes128_base.srcs/build/test_Implmnt/test.srr to /home/elicahill/icemachine/examples/ipassurance_designs/aes128_base.srcs/build/test_Implmnt/backup/test.srr
log file: "/home/elicahill/icemachine/examples/ipassurance_designs/aes128_base.srcs/build/test_Implmnt/test.srr"
Running: test_Implmnt in foreground

Running aes128_base.srcs|test_Implmnt

Running: compile (Compile) on aes128_base.srcs|test_Implmnt
# Fri Jan 25 10:36:13 2019

Running: compile_flow (Compile Process) on aes128_base.srcs|test_Implmnt
# Fri Jan 25 10:36:13 2019

Running: compiler (Compile Input) on aes128_base.srcs|test_Implmnt
# Fri Jan 25 10:36:13 2019
Copied /home/elicahill/icemachine/examples/ipassurance_designs/aes128_base.srcs/build/test_Implmnt/synwork/test_comp.srs to /home/elicahill/icemachine/examples/ipassurance_designs/aes128_base.srcs/build/test_Implmnt/test.srs

compiler completed
# Fri Jan 25 10:36:15 2019

Return Code: 0
Run Time:00h:00m:02s

Running: multi_srs_gen (Multi-srs Generator) on aes128_base.srcs|test_Implmnt
# Fri Jan 25 10:36:15 2019

multi_srs_gen completed
# Fri Jan 25 10:36:15 2019

Return Code: 0
Run Time:00h:00m:00s
Copied /home/elicahill/icemachine/examples/ipassurance_designs/aes128_base.srcs/build/test_Implmnt/synwork/test_mult.srs to /home/elicahill/icemachine/examples/ipassurance_designs/aes128_base.srcs/build/test_Implmnt/test.srs
Complete: Compile Process on aes128_base.srcs|test_Implmnt

Running: premap (Pre-mapping) on aes128_base.srcs|test_Implmnt
# Fri Jan 25 10:36:15 2019

premap completed with warnings
# Fri Jan 25 10:36:17 2019

Return Code: 1
Run Time:00h:00m:02s
Complete: Compile on aes128_base.srcs|test_Implmnt

Running: map (Map) on aes128_base.srcs|test_Implmnt
# Fri Jan 25 10:36:17 2019
License granted for 4 parallel jobs

Running: fpga_mapper (Map & Optimize) on aes128_base.srcs|test_Implmnt
# Fri Jan 25 10:36:17 2019
fpga_mapper exited with errors
Job failed on: aes128_base.srcs|test_Implmnt

Job: "fpga_mapper" terminated with error status: 2
See log file: "/home/elicahill/icemachine/examples/ipassurance_designs/aes128_base.srcs/build/test_Implmnt/synlog/test_fpga_mapper.srr"
# Fri Jan 25 10:37:09 2019

Return Code: 2
Run Time:00h:00m:52s
Complete: Map on aes128_base.srcs|test_Implmnt
Complete: Logic Synthesis on aes128_base.srcs|test_Implmnt

exit status=2

exit status=2

