OUTPUT txd 	 location (13, 14, 1) 	 105 	 SB_LVCMOS
OUTPUT tx_busy 	 location (5, 0, 0) 	 47 	 SB_LVCMOS
INPUT  rxd 	 location (13, 15, 0) 	 106 	 SB_LVCMOS
OUTPUT rx_overrun_error 	 location (4, 0, 0) 	 44 	 SB_LVCMOS
OUTPUT rx_frame_error 	 location (13, 9, 1) 	 95 	 SB_LVCMOS
OUTPUT rx_busy 	 location (4, 0, 1) 	 45 	 SB_LVCMOS
INPUT  rst 	 location (9, 0, 1) 	 62 	 SB_LVCMOS
OUTPUT output_axis_tvalid 	 location (7, 0, 1) 	 56 	 SB_LVCMOS
INPUT  output_axis_tready 	 location (5, 0, 1) 	 48 	 SB_LVCMOS
OUTPUT output_axis_tdata[7] 	 location (9, 17, 0) 	 119 	 SB_LVCMOS
OUTPUT output_axis_tdata[6] 	 location (9, 17, 1) 	 118 	 SB_LVCMOS
OUTPUT output_axis_tdata[5] 	 location (10, 17, 0) 	 117 	 SB_LVCMOS
OUTPUT output_axis_tdata[4] 	 location (10, 17, 1) 	 116 	 SB_LVCMOS
OUTPUT output_axis_tdata[3] 	 location (11, 17, 0) 	 115 	 SB_LVCMOS
OUTPUT output_axis_tdata[2] 	 location (11, 17, 1) 	 114 	 SB_LVCMOS
OUTPUT output_axis_tdata[1] 	 location (12, 17, 0) 	 113 	 SB_LVCMOS
OUTPUT output_axis_tdata[0] 	 location (12, 17, 1) 	 112 	 SB_LVCMOS
INPUT  input_axis_tvalid 	 location (9, 0, 0) 	 61 	 SB_LVCMOS
OUTPUT input_axis_tready 	 location (8, 0, 1) 	 60 	 SB_LVCMOS
INPUT  input_axis_tdata[7] 	 location (13, 8, 0) 	 91 	 SB_LVCMOS
INPUT  input_axis_tdata[6] 	 location (13, 7, 1) 	 90 	 SB_LVCMOS
INPUT  input_axis_tdata[5] 	 location (13, 7, 0) 	 88 	 SB_LVCMOS
INPUT  input_axis_tdata[4] 	 location (13, 6, 1) 	 87 	 SB_LVCMOS
INPUT  input_axis_tdata[3] 	 location (13, 6, 0) 	 81 	 SB_LVCMOS
INPUT  input_axis_tdata[2] 	 location (13, 4, 1) 	 80 	 SB_LVCMOS
INPUT  input_axis_tdata[1] 	 location (13, 4, 0) 	 79 	 SB_LVCMOS
INPUT  input_axis_tdata[0] 	 location (13, 3, 1) 	 78 	 SB_LVCMOS
INPUT  clk 	 location (0, 8, 1) 	 21 	 SB_LVCMOS
